-------------------------------------------------------------------------------
Test set: id.co.bca.spring.payment.PaymentApplicationTests
-------------------------------------------------------------------------------
Tests run: 1, Failures: 0, Errors: 1, Skipped: 0, Time elapsed: 7.102 s <<< FAILURE! - in id.co.bca.spring.payment.PaymentApplicationTests
contextLoads  Time elapsed: 0.002 s  <<< ERROR!
java.lang.IllegalStateException: Failed to load ApplicationContext for [WebMergedContextConfiguration@359fa722 testClass = id.co.bca.spring.payment.PaymentApplicationTests, locations = [], classes = [id.co.bca.spring.payment.PaymentApplication], contextInitializerClasses = [], activeProfiles = [], propertySourceLocations = [], propertySourceProperties = ["org.springframework.boot.test.context.SpringBootTestContextBootstrapper=true"], contextCustomizers = [org.springframework.boot.test.context.filter.ExcludeFilterContextCustomizer@1b11171f, org.springframework.boot.test.json.DuplicateJsonObjectContextCustomizerFactory$DuplicateJsonObjectContextCustomizer@4b0d79fc, org.springframework.boot.test.mock.mockito.MockitoContextCustomizer@0, org.springframework.boot.test.web.client.TestRestTemplateContextCustomizer@1ed6388a, org.springframework.boot.test.autoconfigure.actuate.observability.ObservabilityContextCustomizerFactory$DisableObservabilityContextCustomizer@9da1, org.springframework.boot.test.autoconfigure.properties.PropertyMappingContextCustomizer@0, org.springframework.boot.test.autoconfigure.web.servlet.WebDriverContextCustomizerFactory$Customizer@1e6a3214, org.springframework.boot.test.context.SpringBootTestAnnotation@e8291591], resourceBasePath = "src/main/webapp", contextLoader = org.springframework.boot.test.context.SpringBootContextLoader, parent = null]
Caused by: org.springframework.beans.factory.UnsatisfiedDependencyException: Error creating bean with name 'transactionController': Unsatisfied dependency expressed through field 'transactionService': Error creating bean with name 'transactionService': Unsatisfied dependency expressed through field 'transactionRepo': Error creating bean with name 'transactionRepo' defined in id.co.bca.spring.payment.repository.TransactionRepo defined in @EnableJpaRepositories declared on JpaRepositoriesRegistrar.EnableJpaRepositoriesConfiguration: Could not create query for public abstract id.co.bca.spring.payment.model.TransactionModel id.co.bca.spring.payment.repository.TransactionRepo.findTransactionByCustId(java.lang.Integer); Reason: Failed to create query for method public abstract id.co.bca.spring.payment.model.TransactionModel id.co.bca.spring.payment.repository.TransactionRepo.findTransactionByCustId(java.lang.Integer); No property 'custId' found for type 'TransactionModel'
Caused by: org.springframework.beans.factory.UnsatisfiedDependencyException: Error creating bean with name 'transactionService': Unsatisfied dependency expressed through field 'transactionRepo': Error creating bean with name 'transactionRepo' defined in id.co.bca.spring.payment.repository.TransactionRepo defined in @EnableJpaRepositories declared on JpaRepositoriesRegistrar.EnableJpaRepositoriesConfiguration: Could not create query for public abstract id.co.bca.spring.payment.model.TransactionModel id.co.bca.spring.payment.repository.TransactionRepo.findTransactionByCustId(java.lang.Integer); Reason: Failed to create query for method public abstract id.co.bca.spring.payment.model.TransactionModel id.co.bca.spring.payment.repository.TransactionRepo.findTransactionByCustId(java.lang.Integer); No property 'custId' found for type 'TransactionModel'
Caused by: org.springframework.beans.factory.BeanCreationException: Error creating bean with name 'transactionRepo' defined in id.co.bca.spring.payment.repository.TransactionRepo defined in @EnableJpaRepositories declared on JpaRepositoriesRegistrar.EnableJpaRepositoriesConfiguration: Could not create query for public abstract id.co.bca.spring.payment.model.TransactionModel id.co.bca.spring.payment.repository.TransactionRepo.findTransactionByCustId(java.lang.Integer); Reason: Failed to create query for method public abstract id.co.bca.spring.payment.model.TransactionModel id.co.bca.spring.payment.repository.TransactionRepo.findTransactionByCustId(java.lang.Integer); No property 'custId' found for type 'TransactionModel'
Caused by: org.springframework.data.repository.query.QueryCreationException: Could not create query for public abstract id.co.bca.spring.payment.model.TransactionModel id.co.bca.spring.payment.repository.TransactionRepo.findTransactionByCustId(java.lang.Integer); Reason: Failed to create query for method public abstract id.co.bca.spring.payment.model.TransactionModel id.co.bca.spring.payment.repository.TransactionRepo.findTransactionByCustId(java.lang.Integer); No property 'custId' found for type 'TransactionModel'
Caused by: java.lang.IllegalArgumentException: Failed to create query for method public abstract id.co.bca.spring.payment.model.TransactionModel id.co.bca.spring.payment.repository.TransactionRepo.findTransactionByCustId(java.lang.Integer); No property 'custId' found for type 'TransactionModel'
Caused by: org.springframework.data.mapping.PropertyReferenceException: No property 'custId' found for type 'TransactionModel'

